D:\Projects\Dating Prac App\DatingAngular\Spa\dist\out-tsc\src\app\Services\AuthService.js
D:\Projects\Dating Prac App\DatingAngular\Spa\dist\out-tsc\src\app\Services\AuthService.js.map
D:\Projects\Dating Prac App\DatingAngular\Spa\dist\out-tsc\src\app\app.component.js
D:\Projects\Dating Prac App\DatingAngular\Spa\dist\out-tsc\src\app\app.component.js.map
D:\Projects\Dating Prac App\DatingAngular\Spa\dist\out-tsc\src\app\Services\Alertify\AlertifyService.service.js
D:\Projects\Dating Prac App\DatingAngular\Spa\dist\out-tsc\src\app\Services\Alertify\AlertifyService.service.js.map
D:\Projects\Dating Prac App\DatingAngular\Spa\dist\out-tsc\src\app\NavBar\NavBar.component.js
D:\Projects\Dating Prac App\DatingAngular\Spa\dist\out-tsc\src\app\NavBar\NavBar.component.js.map
D:\Projects\Dating Prac App\DatingAngular\Spa\dist\out-tsc\src\app\Register\Register.component.js
D:\Projects\Dating Prac App\DatingAngular\Spa\dist\out-tsc\src\app\Register\Register.component.js.map
D:\Projects\Dating Prac App\DatingAngular\Spa\dist\out-tsc\src\app\Home\Home.component.js
D:\Projects\Dating Prac App\DatingAngular\Spa\dist\out-tsc\src\app\Home\Home.component.js.map
D:\Projects\Dating Prac App\DatingAngular\Spa\dist\out-tsc\src\app\messages\messages.component.js
D:\Projects\Dating Prac App\DatingAngular\Spa\dist\out-tsc\src\app\messages\messages.component.js.map
D:\Projects\Dating Prac App\DatingAngular\Spa\dist\out-tsc\src\app\member-list\member-list.component.js
D:\Projects\Dating Prac App\DatingAngular\Spa\dist\out-tsc\src\app\member-list\member-list.component.js.map
D:\Projects\Dating Prac App\DatingAngular\Spa\dist\out-tsc\src\app\lists\lists.component.js
D:\Projects\Dating Prac App\DatingAngular\Spa\dist\out-tsc\src\app\lists\lists.component.js.map
D:\Projects\Dating Prac App\DatingAngular\Spa\dist\out-tsc\src\app\Guards\auth.guard.js
D:\Projects\Dating Prac App\DatingAngular\Spa\dist\out-tsc\src\app\Guards\auth.guard.js.map
D:\Projects\Dating Prac App\DatingAngular\Spa\dist\out-tsc\src\app\Route.js
D:\Projects\Dating Prac App\DatingAngular\Spa\dist\out-tsc\src\app\Route.js.map
D:\Projects\Dating Prac App\DatingAngular\Spa\dist\out-tsc\src\app\app.module.js
D:\Projects\Dating Prac App\DatingAngular\Spa\dist\out-tsc\src\app\app.module.js.map
D:\Projects\Dating Prac App\DatingAngular\Spa\dist\out-tsc\src\environments\environment.js
D:\Projects\Dating Prac App\DatingAngular\Spa\dist\out-tsc\src\environments\environment.js.map
D:\Projects\Dating Prac App\DatingAngular\Spa\dist\out-tsc\src\main.js
D:\Projects\Dating Prac App\DatingAngular\Spa\dist\out-tsc\src\main.js.map
D:\Projects\Dating Prac App\DatingAngular\Spa\dist\out-tsc\src\polyfills.js
D:\Projects\Dating Prac App\DatingAngular\Spa\dist\out-tsc\src\polyfills.js.map
D:\Projects\Dating Prac App\DatingAngular\Spa\dist\out-tsc\src\test.js
D:\Projects\Dating Prac App\DatingAngular\Spa\dist\out-tsc\src\test.js.map
D:\Projects\Dating Prac App\DatingAngular\Spa\dist\out-tsc\e2e\src\app.po.js
D:\Projects\Dating Prac App\DatingAngular\Spa\dist\out-tsc\e2e\src\app.po.js.map
D:\Projects\Dating Prac App\DatingAngular\Spa\dist\out-tsc\e2e\src\app.e2e-spec.js
D:\Projects\Dating Prac App\DatingAngular\Spa\dist\out-tsc\e2e\src\app.e2e-spec.js.map
D:\Projects\Dating Prac App\DatingAngular\Spa\dist\out-tsc\src\app\app.component.spec.js
D:\Projects\Dating Prac App\DatingAngular\Spa\dist\out-tsc\src\app\app.component.spec.js.map
D:\Projects\Dating Prac App\DatingAngular\Spa\dist\out-tsc\src\environments\environment.prod.js
D:\Projects\Dating Prac App\DatingAngular\Spa\dist\out-tsc\src\environments\environment.prod.js.map
D:\Projects\Dating Prac App\DatingAngular\Spa\dist\out-tsc\src\app\Home\Home.component.spec.js
D:\Projects\Dating Prac App\DatingAngular\Spa\dist\out-tsc\src\app\Home\Home.component.spec.js.map
D:\Projects\Dating Prac App\DatingAngular\Spa\dist\out-tsc\src\app\Lists\lists.component.spec.js
D:\Projects\Dating Prac App\DatingAngular\Spa\dist\out-tsc\src\app\Lists\lists.component.spec.js.map
D:\Projects\Dating Prac App\DatingAngular\Spa\dist\out-tsc\src\app\Member-List\member-list.component.spec.js
D:\Projects\Dating Prac App\DatingAngular\Spa\dist\out-tsc\src\app\Member-List\member-list.component.spec.js.map
D:\Projects\Dating Prac App\DatingAngular\Spa\dist\out-tsc\src\app\Messages\messages.component.spec.js
D:\Projects\Dating Prac App\DatingAngular\Spa\dist\out-tsc\src\app\Messages\messages.component.spec.js.map
D:\Projects\Dating Prac App\DatingAngular\Spa\dist\out-tsc\src\app\NavBar\NavBar.component.spec.js
D:\Projects\Dating Prac App\DatingAngular\Spa\dist\out-tsc\src\app\NavBar\NavBar.component.spec.js.map
D:\Projects\Dating Prac App\DatingAngular\Spa\dist\out-tsc\src\app\Register\Register.component.spec.js
D:\Projects\Dating Prac App\DatingAngular\Spa\dist\out-tsc\src\app\Register\Register.component.spec.js.map
D:\Projects\Dating Prac App\DatingAngular\Spa\dist\out-tsc\src\app\Services\Alertify\AlertifyService.service.spec.js
D:\Projects\Dating Prac App\DatingAngular\Spa\dist\out-tsc\src\app\Services\Alertify\AlertifyService.service.spec.js.map
